
@----------------------------------------------------------@
|        PLINK!       |     v1.07      |   10/Aug/2009     |
|----------------------------------------------------------|
|  (C) 2009 Shaun Purcell, GNU General Public License, v2  |
|----------------------------------------------------------|
|  For documentation, citation & bug-report instructions:  |
|        http://pngu.mgh.harvard.edu/purcell/plink/        |
@----------------------------------------------------------@

Web-based version check ( --noweb to skip )
Recent cached web-check found...Problem connecting to web

Writing this text to log file [ andrew/plink_remote/point5mb_group95.log ]
Analysis started: Fri Jul  1 16:03:14 2011

Options in effect:
	--chr 11
	--map /projects/gleeson-lab/BroadData/PlateII/intermediate_data/plink/input/input.map
	--ped /projects/gleeson-lab/BroadData/PlateII/intermediate_data/plink/input/input.ped
	--homozyg
	--homozyg-kb 500
	--homozyg-group
	--homozyg-match .95
	--out andrew/plink_remote/point5mb_group95
	--gplink

275401 (of 275401) markers to be included from [ /projects/gleeson-lab/BroadData/PlateII/intermediate_data/plink/input/input.map ]
Scan region on chromosome 11 from [ SNP246716 ] to [ SNP273483 ]
Warning, found 97 individuals with ambiguous sex codes
These individuals will be set to missing ( or use --allow-no-sex )
Writing list of these individuals to [ andrew/plink_remote/point5mb_group95.nosex ]
97 individuals read from [ /projects/gleeson-lab/BroadData/PlateII/intermediate_data/plink/input/input.ped ] 
0 individuals with nonmissing phenotypes
Assuming a disease phenotype (1=unaff, 2=aff, 0=miss)
Missing phenotype value is also -9
0 cases, 0 controls and 97 missing
0 males, 0 females, and 97 of unspecified sex
Before frequency and genotyping pruning, there are 16797 SNPs
97 founders and 0 non-founders found
171 SNPs with no founder genotypes observed
Warning, MAF set to 0 for these SNPs (see --nonfounders)
Writing list of these SNPs to [ andrew/plink_remote/point5mb_group95.nof ]
Total genotyping rate in remaining individuals is 0.925495
0 SNPs failed missingness test ( GENO > 1 )
0 SNPs failed frequency test ( MAF < 0 )
After frequency and genotyping pruning, there are 16797 SNPs
After filtering, 0 cases, 0 controls and 97 missing
After filtering, 0 males, 0 females, and 97 of unspecified sex
Converting data to Individual-major format

Writing homozygosity-run information to [ andrew/plink_remote/point5mb_group95.hom ] 
Run defined as: 500 kb 
Homozygous segment criteria:
  length (kb)       = 500
  # SNPs (N)        = 100
  density (kb/SNP)  = 50
  largest gap (kb)  = 1000
Writing segment summary to [ andrew/plink_remote/point5mb_group95.hom.indiv ]
Writing segment summary to [ andrew/plink_remote/point5mb_group95.hom.summary ]

Writing homozygosity-run summary to [ andrew/plink_remote/point5mb_group95.hom.overlap ] 
Requiring allelic match, threshold 0.95 identity
Requiring at least 20 informative SNPs to match segments
Found 895 unique overlapping sets of segments

Analysis finished: Fri Jul  1 16:03:23 2011

